<?xml version="1.0" encoding="ISO-8859-1"?>
<configuration xmlns:xsi="http://www.w3.org/2001/XMLSchema-instance" xsi:schemaLocation="http://www.exoplaform.org/xml/ns/kernel_1_0.xsd http://www.exoplaform.org/xml/ns/kernel_1_0.xsd"
  xmlns="http://www.exoplaform.org/xml/ns/kernel_1_0.xsd">
  
  <component>
    <key>org.exoplatform.services.jcr.config.RepositoryServiceConfiguration</key>
    <type>org.exoplatform.services.jcr.impl.config.RepositoryServiceConfigurationImpl</type>
    <init-params>
      <value-param>
        <name>conf-path</name>
        <description>JCR configuration file</description>
        <value>jar:/conf/portal/repository-configuration.xml</value>
      </value-param>
    </init-params>
  </component>

	<component>
		<key>org.exoplatform.services.jcr.RepositoryService</key>
		<type>org.exoplatform.services.jcr.impl.RepositoryServiceImpl</type>
		<component-plugins>
			<component-plugin>
				<name>add.nodeType</name>
				<set-method>addPlugin</set-method>
				<type>org.exoplatform.services.jcr.impl.AddNodeTypePlugin</type>
				<init-params>
					<values-param>
						<name>autoCreatedInNewRepository</name>
						<description>Node types configuration file</description>
						<value>jar:/conf/portal/nodetypes.xml</value>
					</values-param>
				</init-params>
			</component-plugin>
		</component-plugins>
	</component>
	
  <component>
    <key>org.exoplatform.services.jcr.ext.distribution.DataDistributionManager</key>
    <type>org.exoplatform.services.jcr.ext.distribution.impl.DataDistributionManagerImpl</type>
  </component>
  
  <component>
    <key>org.exoplatform.services.jcr.ext.hierarchy.NodeHierarchyCreator</key>
    <type>org.exoplatform.services.jcr.ext.hierarchy.impl.NodeHierarchyCreatorImpl</type>
  </component>
  
  <component>
    <key>exoplatform.BookStoreService</key>
    <type>exoplatform.BookStoreServiceImpl</type>
  </component>
  
  <component>
	<key>exoplatform.rest.BookStoreRestService</key>
    <type>exoplatform.rest.BookStoreRestService</type>
  </component>
  
  <external-component-plugins>
    <target-component>org.exoplatform.services.jcr.ext.hierarchy.NodeHierarchyCreator</target-component>
    <component-plugin>
      	<name>addPaths</name>
      	<set-method>addPlugin</set-method>
      	<type>org.exoplatform.services.jcr.ext.hierarchy.impl.AddPathPlugin</type>            
      	<init-params>
        	<object-param>
          		<name>cms.configuration</name>
          		<description>configuration for the cms path</description>
          		<object type="org.exoplatform.services.jcr.ext.hierarchy.impl.HierarchyConfig">
		            <field name="workspaces">
		              <collection type="java.util.ArrayList">
		                <value><string>bookstore</string></value>
		              </collection>                
		            </field>
	            	<field  name="jcrPaths">
		 	        	<collection type="java.util.ArrayList">
			            	<value>                
	        		        	<object type="org.exoplatform.services.jcr.ext.hierarchy.impl.HierarchyConfig$JcrPath">                   
		                     		<field  name="alias"><string>exobookstore</string></field>
		                     		<field  name="path"><string>/exostore:bookstore</string></field>                                          
		                     		<field name="permissions">
		                       			<collection type="java.util.ArrayList">               
		                         			<value>                            
		                           				<object type="org.exoplatform.services.jcr.ext.hierarchy.impl.HierarchyConfig$Permission">
													  <field name="identity"><string>*:/platform/administrators</string></field>
						                              <field name="read"><string>true</string></field>                
						                              <field name="addNode"><string>true</string></field>                
						                              <field name="setProperty"><string>true</string></field>                
						                              <field name="remove"><string>true</string></field>                
		                           				</object>  
		                        			</value>     
											<value>                            
		                           				<object type="org.exoplatform.services.jcr.ext.hierarchy.impl.HierarchyConfig$Permission">
						                              <field name="identity"><string>any</string></field>
						                              <field name="read"><string>true</string></field>                
						                              <field name="addNode"><string>false</string></field>                
						                              <field name="setProperty"><string>true</string></field>                
						                              <field name="remove"><string>false</string></field>                
		                           				</object>  
		                        			</value>                   
		                      			</collection>
		                    		</field>                                   
	                  			</object>
	                  		</value>
	                  		<value>
	                  			<object type="org.exoplatform.services.jcr.ext.hierarchy.impl.HierarchyConfig$JcrPath">                   
		                     		<field  name="alias"><string>book</string></field>
		                     		<field  name="path"><string>/exostore:bookstore/exostore:book</string></field>                                          
		                     		<field name="permissions">
		                       			<collection type="java.util.ArrayList">               
		                         			<value>                            
		                           				<object type="org.exoplatform.services.jcr.ext.hierarchy.impl.HierarchyConfig$Permission">
													  <field name="identity"><string>*:/platform/administrators</string></field>
						                              <field name="read"><string>true</string></field>                
						                              <field name="addNode"><string>true</string></field>                
						                              <field name="setProperty"><string>true</string></field>                
						                              <field name="remove"><string>true</string></field>                
		                           				</object>  
		                        			</value>     
											<value>                            
		                           				<object type="org.exoplatform.services.jcr.ext.hierarchy.impl.HierarchyConfig$Permission">
						                              <field name="identity"><string>any</string></field>
						                              <field name="read"><string>true</string></field>                
						                              <field name="addNode"><string>false</string></field>                
						                              <field name="setProperty"><string>true</string></field>                
						                              <field name="remove"><string>false</string></field>                
		                           				</object>  
		                        			</value>                   
		                      			</collection>
		                    		</field>                                   
	                  			</object>
	                  		</value>
	                  		<value>
	                  			<object type="org.exoplatform.services.jcr.ext.hierarchy.impl.HierarchyConfig$JcrPath">                   
		                     		<field  name="alias"><string>author</string></field>
		                     		<field  name="path"><string>/exostore:bookstore/exostore:author</string></field>                                          
		                     		<field name="permissions">
		                       			<collection type="java.util.ArrayList">               
		                         			<value>                            
		                           				<object type="org.exoplatform.services.jcr.ext.hierarchy.impl.HierarchyConfig$Permission">
													  <field name="identity"><string>*:/platform/administrators</string></field>
						                              <field name="read"><string>true</string></field>                
						                              <field name="addNode"><string>true</string></field>                
						                              <field name="setProperty"><string>true</string></field>                
						                              <field name="remove"><string>true</string></field>                
		                           				</object>  
		                        			</value>     
											<value>                            
		                           				<object type="org.exoplatform.services.jcr.ext.hierarchy.impl.HierarchyConfig$Permission">
						                              <field name="identity"><string>any</string></field>
						                              <field name="read"><string>true</string></field>                
						                              <field name="addNode"><string>false</string></field>                
						                              <field name="setProperty"><string>true</string></field>                
						                              <field name="remove"><string>false</string></field>                
		                           				</object>  
		                        			</value>                   
		                      			</collection>
		                    		</field>                                   
	                  			</object>
	                		</value>
	                		<value>
	                  			<object type="org.exoplatform.services.jcr.ext.hierarchy.impl.HierarchyConfig$JcrPath">                   
		                     		<field  name="alias"><string>author</string></field>
		                     		<field  name="path"><string>/exostore:bookstore/exostore:user</string></field>                                          
		                     		<field name="permissions">
		                       			<collection type="java.util.ArrayList">               
		                         			<value>                            
		                           				<object type="org.exoplatform.services.jcr.ext.hierarchy.impl.HierarchyConfig$Permission">
													  <field name="identity"><string>*:/platform/administrators</string></field>
						                              <field name="read"><string>true</string></field>                
						                              <field name="addNode"><string>true</string></field>                
						                              <field name="setProperty"><string>true</string></field>                
						                              <field name="remove"><string>true</string></field>                
		                           				</object>  
		                        			</value>     
											<value>                            
		                           				<object type="org.exoplatform.services.jcr.ext.hierarchy.impl.HierarchyConfig$Permission">
						                              <field name="identity"><string>any</string></field>
						                              <field name="read"><string>true</string></field>                
						                              <field name="addNode"><string>false</string></field>                
						                              <field name="setProperty"><string>true</string></field>                
						                              <field name="remove"><string>false</string></field>                
		                           				</object>  
		                        			</value>                   
		                      			</collection>
		                    		</field>                                   
	                  			</object>
	                		</value>
	             	</collection>  
	            </field>
        	</object>
        </object-param>
      </init-params>            
    </component-plugin>
  </external-component-plugins>
  
  <external-component-plugins>
    <target-component>org.exoplatform.services.naming.InitialContextInitializer</target-component>
    <component-plugin>
      <name>bind.datasource</name>
      <set-method>addPlugin</set-method>
      <type>org.exoplatform.services.naming.BindReferencePlugin</type>
      <init-params>
        <value-param>
          <name>bind-name</name>
          <value>jdbcexo</value>
        </value-param>
        <value-param>
          <name>class-name</name>
          <value>javax.sql.DataSource</value>
        </value-param>
        <value-param>
          <name>factory</name>
          <value>org.apache.commons.dbcp.BasicDataSourceFactory</value>
        </value-param>
        <properties-param>
          <name>ref-addresses</name>
          <description>ref-addresses</description>
          <property name="driverClassName" value="org.hsqldb.jdbcDriver"/>
          <property name="url" value="jdbc:hsqldb:mem:target/temp/data/portal"/>
          <property name="username" value="sa"/>
          <property name="password" value=""/>
        </properties-param>
      </init-params>
    </component-plugin>        
  </external-component-plugins>
</configuration>
